2021-10-12 18:04:15.075  INFO 1133 --- [main] c.h.a.c.CustomScannersServiceApplication : Starting CustomScannersServiceApplication on Ihabs-MacBook-Pro.local with PID 1133 (/Users/ihabyoussef/.vscode/extensions/hcltechnologies.hclappscancodesweep-1.1.4/lib/custom-scanners-service-1.0.11.jar started by ihabyoussef in /Users/ihabyoussef/Documents/poc/gallery-poolia)
2021-10-12 18:04:15.078  INFO 1133 --- [main] c.h.a.c.CustomScannersServiceApplication : No active profile set, falling back to default profiles: default
2021-10-12 18:04:16.667  INFO 1133 --- [main] o.s.b.w.embedded.tomcat.TomcatWebServer  : Tomcat initialized with port(s): 9221 (http)
2021-10-12 18:04:16.678  INFO 1133 --- [main] o.apache.catalina.core.StandardService   : Starting service [Tomcat]
2021-10-12 18:04:16.678  INFO 1133 --- [main] org.apache.catalina.core.StandardEngine  : Starting Servlet engine: [Apache Tomcat/9.0.29]
2021-10-12 18:04:16.738  INFO 1133 --- [main] o.a.c.c.C.[Tomcat].[localhost].[/]       : Initializing Spring embedded WebApplicationContext
2021-10-12 18:04:16.738 DEBUG 1133 --- [main] o.s.web.context.ContextLoader            : Published root WebApplicationContext as ServletContext attribute with name [org.springframework.web.context.WebApplicationContext.ROOT]
2021-10-12 18:04:16.738  INFO 1133 --- [main] o.s.web.context.ContextLoader            : Root WebApplicationContext: initialization completed in 1609 ms
2021-10-12 18:04:16.920 DEBUG 1133 --- [main] o.s.b.w.s.ServletContextInitializerBeans : Mapping filters: filterRegistrationBean urls=[/*] order=-2147483647, characterEncodingFilter urls=[/*] order=-2147483648, formContentFilter urls=[/*] order=-9900, requestContextFilter urls=[/*] order=-105
2021-10-12 18:04:16.920 DEBUG 1133 --- [main] o.s.b.w.s.ServletContextInitializerBeans : Mapping servlets: dispatcherServlet urls=[/]
2021-10-12 18:04:18.250 DEBUG 1133 --- [main] s.w.s.m.m.a.RequestMappingHandlerMapping : 19 mappings in 'requestMappingHandlerMapping'
2021-10-12 18:04:18.319  INFO 1133 --- [main] o.s.b.a.e.web.EndpointLinksResolver      : Exposing 2 endpoint(s) beneath base path '/actuator'
2021-10-12 18:04:18.441  INFO 1133 --- [main] pertySourcedRequestMappingHandlerMapping : Mapped URL path [/v2/api-docs] onto method [springfox.documentation.swagger2.web.Swagger2Controller#getDocumentation(String, HttpServletRequest)]
2021-10-12 18:04:18.570  INFO 1133 --- [main] o.s.s.concurrent.ThreadPoolTaskExecutor  : Initializing ExecutorService 'applicationTaskExecutor'
2021-10-12 18:04:18.603 DEBUG 1133 --- [main] s.w.s.m.m.a.RequestMappingHandlerAdapter : ControllerAdvice beans: 0 @ModelAttribute, 0 @InitBinder, 1 RequestBodyAdvice, 1 ResponseBodyAdvice
2021-10-12 18:04:18.661  INFO 1133 --- [main] o.s.b.a.w.s.WelcomePageHandlerMapping    : Adding welcome page: ServletContext resource [/index.html]
2021-10-12 18:04:18.689 DEBUG 1133 --- [main] o.s.w.s.handler.SimpleUrlHandlerMapping  : Patterns [/webjars/**, /**] in 'resourceHandlerMapping'
2021-10-12 18:04:18.714 DEBUG 1133 --- [main] .m.m.a.ExceptionHandlerExceptionResolver : ControllerAdvice beans: 1 @ExceptionHandler, 1 ResponseBodyAdvice
2021-10-12 18:04:18.804  INFO 1133 --- [main] d.s.w.p.DocumentationPluginsBootstrapper : Context refreshed
2021-10-12 18:04:18.843  INFO 1133 --- [main] d.s.w.p.DocumentationPluginsBootstrapper : Found 1 custom documentation plugin(s)
2021-10-12 18:04:18.896  INFO 1133 --- [main] s.d.s.w.s.ApiListingReferenceScanner     : Scanning for api listing references
2021-10-12 18:04:19.330  INFO 1133 --- [main] o.s.b.w.embedded.tomcat.TomcatWebServer  : Tomcat started on port(s): 9221 (http) with context path ''
2021-10-12 18:04:19.334  INFO 1133 --- [main] c.h.a.c.CustomScannersServiceApplication : Started CustomScannersServiceApplication in 4.84 seconds (JVM running for 6.049)
2021-10-12 18:04:19.433  INFO 1133 --- [http-nio-9221-exec-1] o.a.c.c.C.[Tomcat].[localhost].[/]       : Initializing Spring DispatcherServlet 'dispatcherServlet'
2021-10-12 18:04:19.433  INFO 1133 --- [http-nio-9221-exec-1] o.s.web.servlet.DispatcherServlet        : Initializing Servlet 'dispatcherServlet'
2021-10-12 18:04:19.433 DEBUG 1133 --- [http-nio-9221-exec-1] o.s.web.servlet.DispatcherServlet        : Detected StandardServletMultipartResolver
2021-10-12 18:04:19.445 DEBUG 1133 --- [http-nio-9221-exec-1] o.s.web.servlet.DispatcherServlet        : enableLoggingRequestDetails='false': request parameters and headers will be masked to prevent unsafe logging of potentially sensitive data
2021-10-12 18:04:19.446  INFO 1133 --- [http-nio-9221-exec-1] o.s.web.servlet.DispatcherServlet        : Completed initialization in 12 ms
2021-10-12 18:04:19.459 DEBUG 1133 --- [http-nio-9221-exec-1] o.s.web.servlet.DispatcherServlet        : GET "/v1/scanRules", parameters={}
2021-10-12 18:04:19.471 DEBUG 1133 --- [http-nio-9221-exec-1] s.w.s.m.m.a.RequestMappingHandlerMapping : Mapped to com.hcl.appscan.customscannersservice.controller.CustomScannersController#getScanRules(String[])
2021-10-12 18:04:19.513 DEBUG 1133 --- [http-nio-9221-exec-1] o.s.w.s.m.m.a.HttpEntityMethodProcessor  : Using 'application/json', given [application/json] and supported [application/json]
2021-10-12 18:04:19.523 DEBUG 1133 --- [http-nio-9221-exec-1] o.s.w.s.m.m.a.HttpEntityMethodProcessor  : Writing [{Golang={com.ouncelabs.languagelite.golang.rules.WeakCryptoGolang=CustomScannersServiceScanRule{rule (truncated)...]
2021-10-12 18:04:19.571 DEBUG 1133 --- [http-nio-9221-exec-1] o.s.web.servlet.DispatcherServlet        : Completed 200 OK
